<?xml version="1.0" encoding="UTF-8"?>
<!-- Generated by org.testng.reporters.JUnitReportReporter -->
<testsuite skipped="0" hostname="OlasunkanmisMBP.home" name="com.zonedigital.qa.testCases.HomePageTest" tests="2" failures="0" timestamp="01 Jul 2018 05:14:48 GMT" time="9.973" errors="0">
  <testcase name="homePageTitleTest" time="3.465" classname="com.zonedigital.qa.testCases.HomePageTest"/>
  <testcase name="searchTest" time="6.508" classname="com.zonedigital.qa.testCases.HomePageTest"/>
</testsuite> <!-- com.zonedigital.qa.testCases.HomePageTest -->
