<?xml version="1.0" encoding="UTF-8"?>
<!-- Generated by org.testng.reporters.JUnitReportReporter -->
<testsuite skipped="1" hostname="OlasunkanmisMBP.home" name="com.zonedigital.qa.testCases.SearchResultTest" tests="3" failures="0" timestamp="01 Jul 2018 05:14:48 GMT" time="14.387" errors="0">
  <testcase name="tearDown" time="6.669" classname="com.zonedigital.qa.testCases.SearchResultTest"/>
  <testcase name="EastEndersSearchResultTest" time="7.718" classname="com.zonedigital.qa.testCases.SearchResultTest"/>
  <testcase name="SearchResultPageTitleTest" classname="com.zonedigital.qa.testCases.SearchResultTest">
    <skipped/>
  </testcase> <!-- SearchResultPageTitleTest -->
</testsuite> <!-- com.zonedigital.qa.testCases.SearchResultTest -->
