<?xml version="1.0" encoding="UTF-8"?>
<!-- Generated by org.testng.reporters.JUnitReportReporter -->
<testsuite skipped="0" hostname="OlasunkanmisMBP.home" name="com.zonedigital.qa.testCases.EastEndersLandingPageTest" tests="1" failures="0" timestamp="01 Jul 2018 14:10:30 GMT" time="8.627" errors="0">
  <testcase name="verifyNextDateAndTimeTest" time="8.627" classname="com.zonedigital.qa.testCases.EastEndersLandingPageTest"/>
</testsuite> <!-- com.zonedigital.qa.testCases.EastEndersLandingPageTest -->
